<?xml version="1.0" encoding="UTF-8"?>
<!-- Generated by org.testng.reporters.JUnitReportReporter -->
<testsuite hostname="Laysan" failures="0" tests="9" name="api.test.DDTests" time="4.279" errors="0" timestamp="2023-06-11T15:11:30 MDT" skipped="0">
  <testcase classname="api.test.DDTests" name="testPosrUser" time="0.341"/>
  <system-out/>
  <testcase classname="api.test.DDTests" name="testPosrUser" time="0.339"/>
  <system-out/>
  <testcase classname="api.test.DDTests" name="testPosrUser" time="1.581"/>
  <system-out/>
  <testcase classname="api.test.DDTests" name="testGetUserByName" time="0.373"/>
  <system-out/>
  <testcase classname="api.test.DDTests" name="testGetUserByName" time="0.325"/>
  <system-out/>
  <testcase classname="api.test.DDTests" name="testGetUserByName" time="0.338"/>
  <system-out/>
  <testcase classname="api.test.DDTests" name="testDeleteUserByName" time="0.326"/>
  <system-out/>
  <testcase classname="api.test.DDTests" name="testDeleteUserByName" time="0.323"/>
  <system-out/>
  <testcase classname="api.test.DDTests" name="testDeleteUserByName" time="0.333"/>
  <system-out/>
</testsuite> <!-- api.test.DDTests -->
