<?xml version="1.0" encoding="UTF-8"?>
<!-- Generated by org.testng.reporters.JUnitReportReporter -->
<testsuite hostname="Laysan" failures="0" tests="4" name="api.test.UserTests" time="3.182" errors="0" timestamp="2023-06-12T10:50:44 MDT" skipped="0">
  <testcase classname="api.test.UserTests" name="TestPostUser" time="1.882"/>
  <system-out/>
  <testcase classname="api.test.UserTests" name="testGetUserByName" time="0.339"/>
  <system-out/>
  <testcase classname="api.test.UserTests" name="testUpdateUserBeName" time="0.649"/>
  <system-out/>
  <testcase classname="api.test.UserTests" name="testDeleteUserByName" time="0.312"/>
  <system-out/>
</testsuite> <!-- api.test.UserTests -->
