<?xml version="1.0" encoding="UTF-8"?>
<!-- Generated by org.testng.reporters.JUnitReportReporter -->
<testsuite hostname="Laysan" failures="0" tests="4" name="api.test.UserTests2" time="3.630" errors="0" timestamp="2023-06-12T11:51:33 MDT" skipped="0">
  <testcase classname="api.test.UserTests2" name="TestPostUser" time="2.293"/>
  <system-out/>
  <testcase classname="api.test.UserTests2" name="testGetUserByName" time="0.354"/>
  <system-out/>
  <testcase classname="api.test.UserTests2" name="testUpdateUserBeName" time="0.650"/>
  <system-out/>
  <testcase classname="api.test.UserTests2" name="testDeleteUserByName" time="0.333"/>
  <system-out/>
</testsuite> <!-- api.test.UserTests2 -->
