<?xml version="1.0" encoding="UTF-8"?>
<!-- Generated by org.testng.reporters.JUnitReportReporter -->
<testsuite hostname="Laysan" failures="0" tests="9" name="api.test.DDTests" time="4.574" errors="0" timestamp="2023-06-13T09:36:48 MDT" skipped="0">
  <testcase classname="api.test.DDTests" name="testPosrUser" time="0.336"/>
  <system-out/>
  <testcase classname="api.test.DDTests" name="testPosrUser" time="1.905"/>
  <system-out/>
  <testcase classname="api.test.DDTests" name="testPosrUser" time="0.332"/>
  <system-out/>
  <testcase classname="api.test.DDTests" name="testGetUserByName" time="0.343"/>
  <system-out/>
  <testcase classname="api.test.DDTests" name="testGetUserByName" time="0.353"/>
  <system-out/>
  <testcase classname="api.test.DDTests" name="testGetUserByName" time="0.331"/>
  <system-out/>
  <testcase classname="api.test.DDTests" name="testDeleteUserByName" time="0.331"/>
  <system-out/>
  <testcase classname="api.test.DDTests" name="testDeleteUserByName" time="0.319"/>
  <system-out/>
  <testcase classname="api.test.DDTests" name="testDeleteUserByName" time="0.324"/>
  <system-out/>
</testsuite> <!-- api.test.DDTests -->
