<?xml version="1.0" encoding="UTF-8"?>
<!-- Generated by org.testng.reporters.JUnitReportReporter -->
<testsuite hostname="Laysan" failures="0" tests="9" name="api.test.DDTests" time="4.147" errors="0" timestamp="2023-06-12T16:26:51 MDT" skipped="0">
  <testcase classname="api.test.DDTests" name="testPosrUser" time="0.320"/>
  <system-out/>
  <testcase classname="api.test.DDTests" name="testPosrUser" time="0.325"/>
  <system-out/>
  <testcase classname="api.test.DDTests" name="testPosrUser" time="1.531"/>
  <system-out/>
  <testcase classname="api.test.DDTests" name="testGetUserByName" time="0.337"/>
  <system-out/>
  <testcase classname="api.test.DDTests" name="testGetUserByName" time="0.327"/>
  <system-out/>
  <testcase classname="api.test.DDTests" name="testGetUserByName" time="0.324"/>
  <system-out/>
  <testcase classname="api.test.DDTests" name="testDeleteUserByName" time="0.334"/>
  <system-out/>
  <testcase classname="api.test.DDTests" name="testDeleteUserByName" time="0.323"/>
  <system-out/>
  <testcase classname="api.test.DDTests" name="testDeleteUserByName" time="0.326"/>
  <system-out/>
</testsuite> <!-- api.test.DDTests -->
