<?xml version="1.0" encoding="UTF-8"?>
<!-- Generated by org.testng.reporters.JUnitReportReporter -->
<testsuite hostname="Laysan" failures="0" tests="4" name="api.test.UserTests" time="2.325" errors="0" timestamp="2023-06-13T09:36:48 MDT" skipped="0">
  <testcase classname="api.test.UserTests" name="TestPostUser" time="0.737"/>
  <system-out/>
  <testcase classname="api.test.UserTests" name="testGetUserByName" time="0.517"/>
  <system-out/>
  <testcase classname="api.test.UserTests" name="testUpdateUserBeName" time="0.726"/>
  <system-out/>
  <testcase classname="api.test.UserTests" name="testDeleteUserByName" time="0.345"/>
  <system-out/>
</testsuite> <!-- api.test.UserTests -->
