<?xml version="1.0" encoding="UTF-8"?>
<!-- Generated by org.testng.reporters.JUnitReportReporter -->
<testsuite hostname="Laysan" failures="0" tests="4" name="api.test.UserTests" time="1.945" errors="0" timestamp="2023-06-12T16:26:51 MDT" skipped="0">
  <testcase classname="api.test.UserTests" name="TestPostUser" time="0.649"/>
  <system-out/>
  <testcase classname="api.test.UserTests" name="testGetUserByName" time="0.326"/>
  <system-out/>
  <testcase classname="api.test.UserTests" name="testUpdateUserBeName" time="0.641"/>
  <system-out/>
  <testcase classname="api.test.UserTests" name="testDeleteUserByName" time="0.329"/>
  <system-out/>
</testsuite> <!-- api.test.UserTests -->
